2019-03-04 23:48:05,330 - INFO - Mon Mar  4 23:48:05 2019 Batch download is completed
2019-03-04 23:48:32,787 - INFO - Excel file download Finished
2019-03-04 23:50:25,168 - INFO - Excel file download Finished
2019-03-04 23:56:39,404 - INFO - Mon Mar  4 23:56:39 2019 : Data fetched for 079204720584
2019-03-05 20:19:12,084 - INFO - Tue Mar  5 20:19:12 2019 Batch download is completed
2019-03-05 20:19:51,731 - INFO - Tue Mar  5 20:19:51 2019 : Data fetched for 079204721156
2019-03-05 20:21:25,006 - INFO - Excel file download Finished
2019-03-05 20:22:38,480 - INFO - Excel file download Finished
2019-03-05 20:27:05,991 - INFO - Tue Mar  5 20:27:06 2019 : Data not found for 079204721156
2019-03-05 20:27:19,769 - INFO - Tue Mar  5 20:27:19 2019 : Data fetched for 079204720584
2019-03-05 20:27:39,983 - INFO - Tue Mar  5 20:27:39 2019 : Data fetched for 079204720584
2019-03-05 20:27:57,760 - INFO - Tue Mar  5 20:27:57 2019 : Data not found for 079204720585
2019-03-05 20:28:09,210 - INFO - Tue Mar  5 20:28:09 2019 : Data not found for 079204720585
2019-03-06 16:09:35,723 - INFO - Wed Mar  6 16:09:35 2019 : Data fetched for 079204721066
2019-03-06 16:13:10,203 - INFO - Wed Mar  6 16:13:10 2019 : Data fetched for 079204721066
2019-03-06 16:20:28,417 - INFO - Wed Mar  6 16:20:28 2019 : Data fetched for 079204721066
2019-03-06 16:21:14,719 - INFO - Wed Mar  6 16:21:14 2019 : Data fetched for 079204721066
2019-03-06 16:24:43,922 - INFO - Wed Mar  6 16:24:43 2019 : Data fetched for 079204721066
2019-03-06 16:28:43,509 - INFO - Wed Mar  6 16:28:43 2019 : Data fetched for 079204721156
2019-03-06 16:29:45,225 - INFO - Wed Mar  6 16:29:45 2019 : Data fetched for 079204721156
2019-03-06 16:30:54,454 - INFO - Wed Mar  6 16:30:54 2019 : Data fetched for 079204721156
2019-03-06 16:34:12,467 - INFO - Wed Mar  6 16:34:12 2019 : Data fetched for 079204721156
2019-03-06 16:39:57,683 - INFO - Wed Mar  6 16:39:57 2019 : Data fetched for 079204721264
2019-03-06 16:43:25,164 - INFO - Wed Mar  6 16:43:25 2019 : Data fetched for 079204721264
2019-03-06 16:43:46,080 - INFO - Wed Mar  6 16:43:46 2019 : Data fetched for 079204721264
2019-03-06 16:53:17,566 - INFO - Wed Mar  6 16:53:17 2019 Batch download is completed
2019-03-06 17:06:48,843 - INFO - Wed Mar  6 17:06:48 2019 Batch download is completed
2019-03-06 17:11:08,672 - INFO - Wed Mar  6 17:11:08 2019 Batch download is completed
2019-03-06 17:21:48,302 - INFO - Wed Mar  6 17:21:48 2019 : Data fetched for 079204721067
2019-03-06 17:22:19,643 - INFO - Wed Mar  6 17:22:19 2019 : Data fetched for 079204721067
2019-03-06 17:22:29,875 - INFO - Wed Mar  6 17:22:29 2019 : Data fetched for 079204721067
2019-03-06 17:26:30,593 - INFO - Excel file download Finished
2019-03-06 17:52:46,897 - INFO - Wed Mar  6 17:52:46 2019 : Data fetched for 079204720584
2019-03-06 17:54:24,582 - INFO - Wed Mar  6 17:54:24 2019 : Data fetched for 079204720584
2019-03-06 17:57:56,336 - INFO - Wed Mar  6 17:57:56 2019 : Data fetched for 079204720584
2019-03-06 17:59:47,700 - INFO - Wed Mar  6 17:59:47 2019 : Data fetched for 079204720584
2019-03-06 18:04:11,508 - INFO - Wed Mar  6 18:04:11 2019 : Data fetched for 079204720584
2019-03-06 18:05:16,762 - INFO - Wed Mar  6 18:05:16 2019 : Data fetched for 079204721067
2019-03-06 18:06:24,061 - INFO - Wed Mar  6 18:06:24 2019 : Data fetched for 079204720584
2019-03-06 18:06:40,926 - INFO - Wed Mar  6 18:06:40 2019 : Data fetched for 079204720584
2019-03-06 18:07:37,555 - INFO - Wed Mar  6 18:07:37 2019 : Data fetched for 079204720584
2019-03-06 20:22:37,468 - INFO - Wed Mar  6 20:22:37 2019 : Data fetched for 079204720584
2019-03-06 20:24:23,999 - INFO - check your internet connction or contact admin
2019-03-06 20:27:11,182 - INFO - Wed Mar  6 20:27:11 2019 : Data fetched for 079204720641
2019-03-06 20:28:01,699 - INFO - Wed Mar  6 20:28:01 2019 : Data fetched for 079204720641
2019-03-06 20:28:23,214 - INFO - Wed Mar  6 20:28:23 2019 : Data fetched for 079204720641
2019-03-06 20:29:41,999 - INFO - Wed Mar  6 20:29:41 2019 : Data fetched for 079204720641
2019-03-06 20:30:10,258 - INFO - Wed Mar  6 20:30:10 2019 : Excel file Download Cancelled
2019-03-06 20:57:06,147 - INFO - Wed Mar  6 20:57:06 2019 : Excel file Download Cancelled
2019-03-06 21:49:12,886 - INFO - Wed Mar  6 21:49:12 2019 : Data fetched for 079204720585
2019-03-06 21:49:16,994 - INFO - Wed Mar  6 21:49:17 2019 : Data fetched for 079204720585
2019-03-06 21:49:24,602 - INFO - Wed Mar  6 21:49:24 2019 : Data fetched for 079204720585
2019-03-06 21:50:35,094 - INFO - Wed Mar  6 21:50:35 2019 : Data fetched for 079204720585
2019-03-06 21:50:39,312 - INFO - Wed Mar  6 21:50:39 2019 : Data fetched for 079204720585
2019-03-06 21:50:48,700 - INFO - Wed Mar  6 21:50:48 2019 : Data fetched for 079204720585
2019-03-06 22:03:20,908 - INFO - Wed Mar  6 22:03:20 2019 : Data fetched for 079204720584
2019-03-06 22:03:36,186 - INFO - Wed Mar  6 22:03:36 2019 : Data fetched for 079204720586
2019-03-06 22:05:46,137 - INFO - Wed Mar  6 22:05:46 2019 : Data fetched for 079204721068
2019-03-06 22:07:50,030 - INFO - Wed Mar  6 22:07:50 2019 : Data fetched for 079204721066
2019-03-06 22:08:43,658 - INFO - Wed Mar  6 22:08:43 2019 : Data fetched for 079204721066
2019-03-06 22:17:30,100 - INFO - Wed Mar  6 22:17:30 2019 : Data fetched for 079204721265
2019-03-06 22:17:46,893 - INFO - Wed Mar  6 22:17:46 2019 : Data not found for 079204721265
