1552415633110	mozrunner::runner	INFO	Running command: "C:\\Program Files\\Firefox Nightly\\firefox.exe" "-marionette" "-headless" "-foreground" "-no-remote" "-profile" "C:\\Users\\home\\AppData\\Local\\Temp\\rust_mozprofile.2tl7A5V5CDPN"
*** You are running in headless mode.
1552415633875	addons.webextension.screenshots@mozilla.org	WARN	Loading extension 'screenshots@mozilla.org': Reading manifest: Invalid extension permission: mozillaAddons
1552415633875	addons.webextension.screenshots@mozilla.org	WARN	Loading extension 'screenshots@mozilla.org': Reading manifest: Invalid extension permission: resource://pdf.js/
1552415633875	addons.webextension.screenshots@mozilla.org	WARN	Loading extension 'screenshots@mozilla.org': Reading manifest: Invalid extension permission: about:reader*
1552415636273	Marionette	INFO	Listening on port 52243
1552415636333	Marionette	WARN	TLS certificate errors will be ignored for this session
1552415640043	Marionette	INFO	Stopped listening on port 52243
[Child 8704, Chrome_ChildThread] WARNING: pipe error: 109: file z:/task_1551355489/build/src/ipc/chromium/src/chrome/common/ipc_channel_win.cc, line 341
[Child 8704, Chrome_ChildThread] WARNING: pipe error: 109: file z:/task_1551355489/build/src/ipc/chromium/src/chrome/common/ipc_channel_win.cc, line 341
[Child 10128, Chrome_ChildThread] WARNING: pipe error: 109: file z:/task_1551355489/build/src/ipc/chromium/src/chrome/common/ipc_channel_win.cc, line 341
[Child 10128, Chrome_ChildThread] WARNING: pipe error: 109: file z:/task_1551355489/build/src/ipc/chromium/src/chrome/common/ipc_channel_win.cc, line 341
[Child 9232, Chrome_ChildThread] WARNING: pipe error: 109: file z:/task_1551355489/build/src/ipc/chromium/src/chrome/common/ipc_channel_win.cc, line 341
[Child 9232, Chrome_ChildThread] WARNING: pipe error: 109: file z:/task_1551355489/build/src/ipc/chromium/src/chrome/common/ipc_channel_win.cc, line 341
[Parent 9052, Gecko_IOThread] WARNING: file z:/task_1551355489/build/src/ipc/chromium/src/base/process_util_win.cc, line 160
1552415679269	mozrunner::runner	INFO	Running command: "C:\\Program Files\\Firefox Nightly\\firefox.exe" "-marionette" "-headless" "-foreground" "-no-remote" "-profile" "C:\\Users\\home\\AppData\\Local\\Temp\\rust_mozprofile.bf37q5dI1tN0"
*** You are running in headless mode.
1552415680029	addons.webextension.screenshots@mozilla.org	WARN	Loading extension 'screenshots@mozilla.org': Reading manifest: Invalid extension permission: mozillaAddons
1552415680029	addons.webextension.screenshots@mozilla.org	WARN	Loading extension 'screenshots@mozilla.org': Reading manifest: Invalid extension permission: resource://pdf.js/
1552415680029	addons.webextension.screenshots@mozilla.org	WARN	Loading extension 'screenshots@mozilla.org': Reading manifest: Invalid extension permission: about:reader*
1552415682851	Marionette	INFO	Listening on port 52282
1552415683166	Marionette	WARN	TLS certificate errors will be ignored for this session
1552415686785	Marionette	INFO	Stopped listening on port 52282
[Child 3532, Chrome_ChildThread] WARNING: pipe error: 109: file z:/task_1551355489/build/src/ipc/chromium/src/chrome/common/ipc_channel_win.cc, line 341
[Child 4524, Chrome_ChildThread] WARNING: pipe error: 109: file z:/task_1551355489/build/src/ipc/chromium/src/chrome/common/ipc_channel_win.cc, line 341
[Child 4524, Chrome_ChildThread] WARNING: pipe error: 109: file z:/task_1551355489/build/src/ipc/chromium/src/chrome/common/ipc_channel_win.cc, line 341
[Parent 7356, Gecko_IOThread] WARNING: pipe error: 109: file z:/task_1551355489/build/src/ipc/chromium/src/chrome/common/ipc_channel_win.cc, line 341
[Parent 7356, Gecko_IOThread] WARNING: file z:/task_1551355489/build/src/ipc/chromium/src/base/process_util_win.cc, line 160
1552415691829	mozrunner::runner	INFO	Running command: "C:\\Program Files\\Firefox Nightly\\firefox.exe" "-marionette" "-headless" "-foreground" "-no-remote" "-profile" "C:\\Users\\home\\AppData\\Local\\Temp\\rust_mozprofile.5BpaEvRJEZuW"
*** You are running in headless mode.
1552415692524	addons.webextension.screenshots@mozilla.org	WARN	Loading extension 'screenshots@mozilla.org': Reading manifest: Invalid extension permission: mozillaAddons
1552415692524	addons.webextension.screenshots@mozilla.org	WARN	Loading extension 'screenshots@mozilla.org': Reading manifest: Invalid extension permission: resource://pdf.js/
1552415692524	addons.webextension.screenshots@mozilla.org	WARN	Loading extension 'screenshots@mozilla.org': Reading manifest: Invalid extension permission: about:reader*
1552415695023	Marionette	INFO	Listening on port 52319
1552415695044	Marionette	WARN	TLS certificate errors will be ignored for this session
1552415698480	Marionette	INFO	Stopped listening on port 52319
[Child 9296, Chrome_ChildThread] WARNING: pipe error: 109: file z:/task_1551355489/build/src/ipc/chromium/src/chrome/common/ipc_channel_win.cc, line 341
[Child 9296, Chrome_ChildThread] WARNING: pipe error: 109: file z:/task_1551355489/build/src/ipc/chromium/src/chrome/common/ipc_channel_win.cc, line 341
[Child 2400, Chrome_ChildThread] WARNING: pipe error: 109: file z:/task_1551355489/build/src/ipc/chromium/src/chrome/common/ipc_channel_win.cc, line 341
[Parent 9664, Gecko_IOThread] WARNING: pipe error: 109: file z:/task_1551355489/build/src/ipc/chromium/src/chrome/common/ipc_channel_win.cc, line 341
[Child 9676, Chrome_ChildThread] WARNING: pipe error: 109: file z:/task_1551355489/build/src/ipc/chromium/src/chrome/common/ipc_channel_win.cc, line 341
[Child 9676, Chrome_ChildThread] WARNING: pipe error: 109: file z:/task_1551355489/build/src/ipc/chromium/src/chrome[Parent 9664, Gecko_IOThread] WARNING: file z:/task_1551355489/build/src/ipc/chromium/src/base/process_util_win.cc, line 160
